<?xml version="1.0" encoding="UTF-8"?>
<testsuite xmlns:xsi="http://www.w3.org/2001/XMLSchema-instance" xsi:noNamespaceSchemaLocation="https://maven.apache.org/surefire/maven-surefire-plugin/xsd/surefire-test-report.xsd" name="FibonacciTest" time="0.017" tests="1" errors="0" skipped="0" failures="0">
  <properties>
    <property name="java.specification.version" value="14"/>
    <property name="sun.jnu.encoding" value="UTF-8"/>
    <property name="java.class.path" value="/Users/oysteinbakken/git/RecursiveWithTests/target/test-classes:/Users/oysteinbakken/git/RecursiveWithTests/target/classes:/Users/oysteinbakken/.m2/repository/org/jetbrains/kotlin/kotlin-test-junit5/1.4.10/kotlin-test-junit5-1.4.10.jar:/Users/oysteinbakken/.m2/repository/org/jetbrains/kotlin/kotlin-test-annotations-common/1.4.10/kotlin-test-annotations-common-1.4.10.jar:/Users/oysteinbakken/.m2/repository/org/jetbrains/kotlin/kotlin-stdlib-common/1.4.10/kotlin-stdlib-common-1.4.10.jar:/Users/oysteinbakken/.m2/repository/org/jetbrains/kotlin/kotlin-test/1.4.10/kotlin-test-1.4.10.jar:/Users/oysteinbakken/.m2/repository/org/jetbrains/kotlin/kotlin-test-common/1.4.10/kotlin-test-common-1.4.10.jar:/Users/oysteinbakken/.m2/repository/org/junit/jupiter/junit-jupiter-api/5.6.0/junit-jupiter-api-5.6.0.jar:/Users/oysteinbakken/.m2/repository/org/apiguardian/apiguardian-api/1.1.0/apiguardian-api-1.1.0.jar:/Users/oysteinbakken/.m2/repository/org/opentest4j/opentest4j/1.2.0/opentest4j-1.2.0.jar:/Users/oysteinbakken/.m2/repository/org/junit/platform/junit-platform-commons/1.6.0/junit-platform-commons-1.6.0.jar:/Users/oysteinbakken/.m2/repository/org/junit/jupiter/junit-jupiter-engine/5.6.0/junit-jupiter-engine-5.6.0.jar:/Users/oysteinbakken/.m2/repository/org/junit/platform/junit-platform-engine/1.6.0/junit-platform-engine-1.6.0.jar:/Users/oysteinbakken/.m2/repository/org/jetbrains/kotlin/kotlin-stdlib-jdk8/1.4.10/kotlin-stdlib-jdk8-1.4.10.jar:/Users/oysteinbakken/.m2/repository/org/jetbrains/kotlin/kotlin-stdlib/1.4.10/kotlin-stdlib-1.4.10.jar:/Users/oysteinbakken/.m2/repository/org/jetbrains/annotations/13.0/annotations-13.0.jar:/Users/oysteinbakken/.m2/repository/org/jetbrains/kotlin/kotlin-stdlib-jdk7/1.4.10/kotlin-stdlib-jdk7-1.4.10.jar:"/>
    <property name="java.vm.vendor" value="Oracle Corporation"/>
    <property name="sun.arch.data.model" value="64"/>
    <property name="java.vendor.url" value="https://java.oracle.com/"/>
    <property name="os.name" value="Mac OS X"/>
    <property name="java.vm.specification.version" value="14"/>
    <property name="sun.java.launcher" value="SUN_STANDARD"/>
    <property name="user.country" value="NO"/>
    <property name="sun.boot.library.path" value="/Library/Java/JavaVirtualMachines/jdk-14.0.1.jdk/Contents/Home/lib"/>
    <property name="sun.java.command" value="/Users/oysteinbakken/git/RecursiveWithTests/target/surefire/surefirebooter10465393735434487692.jar /Users/oysteinbakken/git/RecursiveWithTests/target/surefire 2020-12-03T13-29-11_294-jvmRun1 surefire8160840199158595597tmp surefire_016906945546246410981tmp"/>
    <property name="jdk.debug" value="release"/>
    <property name="surefire.test.class.path" value="/Users/oysteinbakken/git/RecursiveWithTests/target/test-classes:/Users/oysteinbakken/git/RecursiveWithTests/target/classes:/Users/oysteinbakken/.m2/repository/org/jetbrains/kotlin/kotlin-test-junit5/1.4.10/kotlin-test-junit5-1.4.10.jar:/Users/oysteinbakken/.m2/repository/org/jetbrains/kotlin/kotlin-test-annotations-common/1.4.10/kotlin-test-annotations-common-1.4.10.jar:/Users/oysteinbakken/.m2/repository/org/jetbrains/kotlin/kotlin-stdlib-common/1.4.10/kotlin-stdlib-common-1.4.10.jar:/Users/oysteinbakken/.m2/repository/org/jetbrains/kotlin/kotlin-test/1.4.10/kotlin-test-1.4.10.jar:/Users/oysteinbakken/.m2/repository/org/jetbrains/kotlin/kotlin-test-common/1.4.10/kotlin-test-common-1.4.10.jar:/Users/oysteinbakken/.m2/repository/org/junit/jupiter/junit-jupiter-api/5.6.0/junit-jupiter-api-5.6.0.jar:/Users/oysteinbakken/.m2/repository/org/apiguardian/apiguardian-api/1.1.0/apiguardian-api-1.1.0.jar:/Users/oysteinbakken/.m2/repository/org/opentest4j/opentest4j/1.2.0/opentest4j-1.2.0.jar:/Users/oysteinbakken/.m2/repository/org/junit/platform/junit-platform-commons/1.6.0/junit-platform-commons-1.6.0.jar:/Users/oysteinbakken/.m2/repository/org/junit/jupiter/junit-jupiter-engine/5.6.0/junit-jupiter-engine-5.6.0.jar:/Users/oysteinbakken/.m2/repository/org/junit/platform/junit-platform-engine/1.6.0/junit-platform-engine-1.6.0.jar:/Users/oysteinbakken/.m2/repository/org/jetbrains/kotlin/kotlin-stdlib-jdk8/1.4.10/kotlin-stdlib-jdk8-1.4.10.jar:/Users/oysteinbakken/.m2/repository/org/jetbrains/kotlin/kotlin-stdlib/1.4.10/kotlin-stdlib-1.4.10.jar:/Users/oysteinbakken/.m2/repository/org/jetbrains/annotations/13.0/annotations-13.0.jar:/Users/oysteinbakken/.m2/repository/org/jetbrains/kotlin/kotlin-stdlib-jdk7/1.4.10/kotlin-stdlib-jdk7-1.4.10.jar:"/>
    <property name="sun.cpu.endian" value="little"/>
    <property name="user.home" value="/Users/oysteinbakken"/>
    <property name="user.language" value="nb"/>
    <property name="java.specification.vendor" value="Oracle Corporation"/>
    <property name="java.version.date" value="2020-04-14"/>
    <property name="java.home" value="/Library/Java/JavaVirtualMachines/jdk-14.0.1.jdk/Contents/Home"/>
    <property name="file.separator" value="/"/>
    <property name="basedir" value="/Users/oysteinbakken/git/RecursiveWithTests"/>
    <property name="java.vm.compressedOopsMode" value="Zero based"/>
    <property name="line.separator" value="&#10;"/>
    <property name="java.vm.specification.vendor" value="Oracle Corporation"/>
    <property name="java.specification.name" value="Java Platform API Specification"/>
    <property name="surefire.real.class.path" value="/Users/oysteinbakken/git/RecursiveWithTests/target/surefire/surefirebooter10465393735434487692.jar"/>
    <property name="sun.management.compiler" value="HotSpot 64-Bit Tiered Compilers"/>
    <property name="java.runtime.version" value="14.0.1+7"/>
    <property name="user.name" value="oysteinbakken"/>
    <property name="path.separator" value=":"/>
    <property name="os.version" value="10.16"/>
    <property name="java.runtime.name" value="Java(TM) SE Runtime Environment"/>
    <property name="file.encoding" value="US-ASCII"/>
    <property name="java.vm.name" value="Java HotSpot(TM) 64-Bit Server VM"/>
    <property name="localRepository" value="/Users/oysteinbakken/.m2/repository"/>
    <property name="java.vendor.url.bug" value="https://bugreport.java.com/bugreport/"/>
    <property name="java.io.tmpdir" value="/var/folders/gl/wnms1g8n0vz4gt7hgjg27jhr0000gn/T/"/>
    <property name="idea.version" value="2020.3"/>
    <property name="java.version" value="14.0.1"/>
    <property name="user.dir" value="/Users/oysteinbakken/git/RecursiveWithTests"/>
    <property name="os.arch" value="x86_64"/>
    <property name="java.vm.specification.name" value="Java Virtual Machine Specification"/>
    <property name="java.library.path" value="/Users/oysteinbakken/Library/Java/Extensions:/Library/Java/Extensions:/Network/Library/Java/Extensions:/System/Library/Java/Extensions:/usr/lib/java:."/>
    <property name="java.vm.info" value="mixed mode, sharing"/>
    <property name="java.vendor" value="Oracle Corporation"/>
    <property name="java.vm.version" value="14.0.1+7"/>
    <property name="sun.io.unicode.encoding" value="UnicodeBig"/>
    <property name="java.class.version" value="58.0"/>
  </properties>
  <testcase name="fibonacci" classname="FibonacciTest" time="0.014"/>
</testsuite>